e:\code\c++\绘制两点电荷图像\点电荷图像\x64\debug\vc143.pdb
e:\code\c++\绘制两点电荷图像\点电荷图像\x64\debug\vc143.idb
e:\code\c++\绘制两点电荷图像\点电荷图像\x64\debug\source.obj
e:\code\c++\绘制两点电荷图像\点电荷图像\x64\debug\点电荷图像.pdb
e:\code\c++\绘制两点电荷图像\点电荷图像\x64\debug\点电荷图像.tlog\cl.command.1.tlog
e:\code\c++\绘制两点电荷图像\点电荷图像\x64\debug\点电荷图像.tlog\cl.read.1.tlog
e:\code\c++\绘制两点电荷图像\点电荷图像\x64\debug\点电荷图像.tlog\cl.write.1.tlog
e:\code\c++\绘制两点电荷图像\点电荷图像\x64\debug\点电荷图像.tlog\link-cvtres.read.1.tlog
e:\code\c++\绘制两点电荷图像\点电荷图像\x64\debug\点电荷图像.tlog\link-cvtres.write.1.tlog
e:\code\c++\绘制两点电荷图像\点电荷图像\x64\debug\点电荷图像.tlog\link-rc.read.1.tlog
e:\code\c++\绘制两点电荷图像\点电荷图像\x64\debug\点电荷图像.tlog\link-rc.write.1.tlog
e:\code\c++\绘制两点电荷图像\点电荷图像\x64\debug\点电荷图像.tlog\link.3096-cvtres.read.1.tlog
e:\code\c++\绘制两点电荷图像\点电荷图像\x64\debug\点电荷图像.tlog\link.3096-cvtres.write.1.tlog
e:\code\c++\绘制两点电荷图像\点电荷图像\x64\debug\点电荷图像.tlog\link.3096-rc.read.1.tlog
e:\code\c++\绘制两点电荷图像\点电荷图像\x64\debug\点电荷图像.tlog\link.3096-rc.write.1.tlog
e:\code\c++\绘制两点电荷图像\点电荷图像\x64\debug\点电荷图像.tlog\link.3096.read.1.tlog
e:\code\c++\绘制两点电荷图像\点电荷图像\x64\debug\点电荷图像.tlog\link.3096.read.2.tlog
e:\code\c++\绘制两点电荷图像\点电荷图像\x64\debug\点电荷图像.tlog\link.3096.write.1.tlog
e:\code\c++\绘制两点电荷图像\点电荷图像\x64\debug\点电荷图像.tlog\link.command.1.tlog
e:\code\c++\绘制两点电荷图像\点电荷图像\x64\debug\点电荷图像.tlog\link.read.1.tlog
e:\code\c++\绘制两点电荷图像\点电荷图像\x64\debug\点电荷图像.tlog\link.read.2.tlog
e:\code\c++\绘制两点电荷图像\点电荷图像\x64\debug\点电荷图像.tlog\link.write.1.tlog
